<?xml version="1.0" encoding="UTF-8"?>
<!-- Generated by org.testng.reporters.JUnitXMLReporter -->
<testsuite hostname="signity-PC" name="Test" tests="5" failures="5" timestamp="5 Oct 2018 11:45:08 GMT" time="108.457" errors="0">
  <testcase name="BengaliWebLogin" time="56.709" classname="abc.bengalivideos">
    <failure type="org.openqa.selenium.WebDriverException" message="Element is not clickable at point (1313, 34). Other element would receive the click: &amp;lt;div style=&amp;quot;height: 657px;&amp;quot; class=&amp;quot;modal-backdrop fade in&amp;quot;&amp;gt;&amp;lt;/div&amp;gt;
Command duration or timeout: 72 milliseconds
Build info: version: &amp;apos;2.52.0&amp;apos;, revision: &amp;apos;4c2593c&amp;apos;, time: &amp;apos;2016-02-11 19:03:33&amp;apos;
System info: host: &amp;apos;signity-PC&amp;apos;, ip: &amp;apos;192.168.1.223&amp;apos;, os.name: &amp;apos;Windows 7&amp;apos;, os.arch: &amp;apos;amd64&amp;apos;, os.version: &amp;apos;6.1&amp;apos;, java.version: &amp;apos;1.8.0_171&amp;apos;
Driver info: org.openqa.selenium.firefox.FirefoxDriver
Capabilities [{applicationCacheEnabled=true, rotatable=false, handlesAlerts=true, databaseEnabled=true, version=44.0, platform=WINDOWS, nativeEvents=false, acceptSslCerts=true, webStorageEnabled=true, locationContextEnabled=true, browserName=firefox, takesScreenshot=true, javascriptEnabled=true, cssSelectorsEnabled=true}]
Session ID: 533ec55b-be40-4077-a91f-eb3f0077a703">
      <![CDATA[org.openqa.selenium.WebDriverException: Element is not clickable at point (1313, 34). Other element would receive the click: <div style="height: 657px;" class="modal-backdrop fade in"></div>
Command duration or timeout: 72 milliseconds
Build info: version: '2.52.0', revision: '4c2593c', time: '2016-02-11 19:03:33'
System info: host: 'signity-PC', ip: '192.168.1.223', os.name: 'Windows 7', os.arch: 'amd64', os.version: '6.1', java.version: '1.8.0_171'
Driver info: org.openqa.selenium.firefox.FirefoxDriver
Capabilities [{applicationCacheEnabled=true, rotatable=false, handlesAlerts=true, databaseEnabled=true, version=44.0, platform=WINDOWS, nativeEvents=false, acceptSslCerts=true, webStorageEnabled=true, locationContextEnabled=true, browserName=firefox, takesScreenshot=true, javascriptEnabled=true, cssSelectorsEnabled=true}]
Session ID: 533ec55b-be40-4077-a91f-eb3f0077a703
	at org.openqa.selenium.remote.ErrorHandler.createThrowable(ErrorHandler.java:206)
	at org.openqa.selenium.remote.ErrorHandler.throwIfResponseFailed(ErrorHandler.java:158)
	at org.openqa.selenium.remote.RemoteWebDriver.execute(RemoteWebDriver.java:678)
	at org.openqa.selenium.remote.RemoteWebElement.execute(RemoteWebElement.java:327)
	at org.openqa.selenium.remote.RemoteWebElement.click(RemoteWebElement.java:85)
	at abc.BaseTest.advanceClick(BaseTest.java:128)
	at abc.BaseTest.Login(BaseTest.java:387)
	at abc.bengalivideos.BengaliWebLogin(bengalivideos.java:22)
... Removed 27 stack frames]]>
    </failure>
  </testcase> <!-- BengaliWebLogin -->
  <testcase name="BengaliSubscribe" time="0.138" classname="abc.bengalivideos">
    <failure type="org.openqa.selenium.WebDriverException" message="Element is not clickable at point (43, 35). Other element would receive the click: &amp;lt;div style=&amp;quot;height: 657px;&amp;quot; class=&amp;quot;modal-backdrop fade in&amp;quot;&amp;gt;&amp;lt;/div&amp;gt;
Command duration or timeout: 62 milliseconds
Build info: version: &amp;apos;2.52.0&amp;apos;, revision: &amp;apos;4c2593c&amp;apos;, time: &amp;apos;2016-02-11 19:03:33&amp;apos;
System info: host: &amp;apos;signity-PC&amp;apos;, ip: &amp;apos;192.168.1.223&amp;apos;, os.name: &amp;apos;Windows 7&amp;apos;, os.arch: &amp;apos;amd64&amp;apos;, os.version: &amp;apos;6.1&amp;apos;, java.version: &amp;apos;1.8.0_171&amp;apos;
Driver info: org.openqa.selenium.firefox.FirefoxDriver
Capabilities [{applicationCacheEnabled=true, rotatable=false, handlesAlerts=true, databaseEnabled=true, version=44.0, platform=WINDOWS, nativeEvents=false, acceptSslCerts=true, webStorageEnabled=true, locationContextEnabled=true, browserName=firefox, takesScreenshot=true, javascriptEnabled=true, cssSelectorsEnabled=true}]
Session ID: 533ec55b-be40-4077-a91f-eb3f0077a703">
      <![CDATA[org.openqa.selenium.WebDriverException: Element is not clickable at point (43, 35). Other element would receive the click: <div style="height: 657px;" class="modal-backdrop fade in"></div>
Command duration or timeout: 62 milliseconds
Build info: version: '2.52.0', revision: '4c2593c', time: '2016-02-11 19:03:33'
System info: host: 'signity-PC', ip: '192.168.1.223', os.name: 'Windows 7', os.arch: 'amd64', os.version: '6.1', java.version: '1.8.0_171'
Driver info: org.openqa.selenium.firefox.FirefoxDriver
Capabilities [{applicationCacheEnabled=true, rotatable=false, handlesAlerts=true, databaseEnabled=true, version=44.0, platform=WINDOWS, nativeEvents=false, acceptSslCerts=true, webStorageEnabled=true, locationContextEnabled=true, browserName=firefox, takesScreenshot=true, javascriptEnabled=true, cssSelectorsEnabled=true}]
Session ID: 533ec55b-be40-4077-a91f-eb3f0077a703
	at org.openqa.selenium.remote.ErrorHandler.createThrowable(ErrorHandler.java:206)
	at org.openqa.selenium.remote.ErrorHandler.throwIfResponseFailed(ErrorHandler.java:158)
	at org.openqa.selenium.remote.RemoteWebDriver.execute(RemoteWebDriver.java:678)
	at org.openqa.selenium.remote.RemoteWebElement.execute(RemoteWebElement.java:327)
	at org.openqa.selenium.remote.RemoteWebElement.click(RemoteWebElement.java:85)
	at abc.BaseTest.advanceClick(BaseTest.java:128)
	at abc.bengalivideos.BengaliSubscribe(bengalivideos.java:28)
... Removed 27 stack frames]]>
    </failure>
  </testcase> <!-- BengaliSubscribe -->
  <testcase name="BengaliSearch" time="17.981" classname="abc.bengalivideos">
    <failure type="java.lang.IllegalArgumentException" message="Must provide a location for a move action.">
      <![CDATA[java.lang.IllegalArgumentException: Must provide a location for a move action.
	at org.openqa.selenium.interactions.MoveMouseAction.<init>(MoveMouseAction.java:34)
	at org.openqa.selenium.interactions.Actions.moveToElement(Actions.java:257)
	at abc.BaseTest.MoveToElement(BaseTest.java:108)
	at abc.BaseTest.HeaderSearchVideoNPlay(BaseTest.java:457)
	at abc.bengalivideos.BengaliSearch(bengalivideos.java:35)
... Removed 23 stack frames]]>
    </failure>
  </testcase> <!-- BengaliSearch -->
  <testcase name="BengaliFavorite" time="19.157" classname="abc.bengalivideos">
    <failure type="org.openqa.selenium.WebDriverException" message="Element is not clickable at point (43, 35). Other element would receive the click: &amp;lt;div style=&amp;quot;height: 657px;&amp;quot; class=&amp;quot;modal-backdrop fade in&amp;quot;&amp;gt;&amp;lt;/div&amp;gt;
Command duration or timeout: 73 milliseconds
Build info: version: &amp;apos;2.52.0&amp;apos;, revision: &amp;apos;4c2593c&amp;apos;, time: &amp;apos;2016-02-11 19:03:33&amp;apos;
System info: host: &amp;apos;signity-PC&amp;apos;, ip: &amp;apos;192.168.1.223&amp;apos;, os.name: &amp;apos;Windows 7&amp;apos;, os.arch: &amp;apos;amd64&amp;apos;, os.version: &amp;apos;6.1&amp;apos;, java.version: &amp;apos;1.8.0_171&amp;apos;
Driver info: org.openqa.selenium.firefox.FirefoxDriver
Capabilities [{applicationCacheEnabled=true, rotatable=false, handlesAlerts=true, databaseEnabled=true, version=44.0, platform=WINDOWS, nativeEvents=false, acceptSslCerts=true, webStorageEnabled=true, locationContextEnabled=true, browserName=firefox, takesScreenshot=true, javascriptEnabled=true, cssSelectorsEnabled=true}]
Session ID: 533ec55b-be40-4077-a91f-eb3f0077a703">
      <![CDATA[org.openqa.selenium.WebDriverException: Element is not clickable at point (43, 35). Other element would receive the click: <div style="height: 657px;" class="modal-backdrop fade in"></div>
Command duration or timeout: 73 milliseconds
Build info: version: '2.52.0', revision: '4c2593c', time: '2016-02-11 19:03:33'
System info: host: 'signity-PC', ip: '192.168.1.223', os.name: 'Windows 7', os.arch: 'amd64', os.version: '6.1', java.version: '1.8.0_171'
Driver info: org.openqa.selenium.firefox.FirefoxDriver
Capabilities [{applicationCacheEnabled=true, rotatable=false, handlesAlerts=true, databaseEnabled=true, version=44.0, platform=WINDOWS, nativeEvents=false, acceptSslCerts=true, webStorageEnabled=true, locationContextEnabled=true, browserName=firefox, takesScreenshot=true, javascriptEnabled=true, cssSelectorsEnabled=true}]
Session ID: 533ec55b-be40-4077-a91f-eb3f0077a703
	at org.openqa.selenium.remote.ErrorHandler.createThrowable(ErrorHandler.java:206)
	at org.openqa.selenium.remote.ErrorHandler.throwIfResponseFailed(ErrorHandler.java:158)
	at org.openqa.selenium.remote.RemoteWebDriver.execute(RemoteWebDriver.java:678)
	at org.openqa.selenium.remote.RemoteWebElement.execute(RemoteWebElement.java:327)
	at org.openqa.selenium.remote.RemoteWebElement.click(RemoteWebElement.java:85)
	at abc.BaseTest.advanceClick(BaseTest.java:128)
	at abc.BaseTest.VideoFavoriteLogic(BaseTest.java:499)
	at abc.bengalivideos.BengaliFavorite(bengalivideos.java:40)
... Removed 27 stack frames]]>
    </failure>
  </testcase> <!-- BengaliFavorite -->
  <testcase name="BengaliAPISearch" time="14.451" classname="abc.bengalivideos">
    <failure type="org.openqa.selenium.WebDriverException" message="Element is not clickable at point (1043, 66.43333435058594). Other element would receive the click: &amp;lt;div style=&amp;quot;height: 657px;&amp;quot; class=&amp;quot;modal-backdrop fade in&amp;quot;&amp;gt;&amp;lt;/div&amp;gt;
Command duration or timeout: 77 milliseconds
Build info: version: &amp;apos;2.52.0&amp;apos;, revision: &amp;apos;4c2593c&amp;apos;, time: &amp;apos;2016-02-11 19:03:33&amp;apos;
System info: host: &amp;apos;signity-PC&amp;apos;, ip: &amp;apos;192.168.1.223&amp;apos;, os.name: &amp;apos;Windows 7&amp;apos;, os.arch: &amp;apos;amd64&amp;apos;, os.version: &amp;apos;6.1&amp;apos;, java.version: &amp;apos;1.8.0_171&amp;apos;
Driver info: org.openqa.selenium.firefox.FirefoxDriver
Capabilities [{applicationCacheEnabled=true, rotatable=false, handlesAlerts=true, databaseEnabled=true, version=44.0, platform=WINDOWS, nativeEvents=false, acceptSslCerts=true, webStorageEnabled=true, locationContextEnabled=true, browserName=firefox, takesScreenshot=true, javascriptEnabled=true, cssSelectorsEnabled=true}]
Session ID: 533ec55b-be40-4077-a91f-eb3f0077a703">
      <![CDATA[org.openqa.selenium.WebDriverException: Element is not clickable at point (1043, 66.43333435058594). Other element would receive the click: <div style="height: 657px;" class="modal-backdrop fade in"></div>
Command duration or timeout: 77 milliseconds
Build info: version: '2.52.0', revision: '4c2593c', time: '2016-02-11 19:03:33'
System info: host: 'signity-PC', ip: '192.168.1.223', os.name: 'Windows 7', os.arch: 'amd64', os.version: '6.1', java.version: '1.8.0_171'
Driver info: org.openqa.selenium.firefox.FirefoxDriver
Capabilities [{applicationCacheEnabled=true, rotatable=false, handlesAlerts=true, databaseEnabled=true, version=44.0, platform=WINDOWS, nativeEvents=false, acceptSslCerts=true, webStorageEnabled=true, locationContextEnabled=true, browserName=firefox, takesScreenshot=true, javascriptEnabled=true, cssSelectorsEnabled=true}]
Session ID: 533ec55b-be40-4077-a91f-eb3f0077a703
	at org.openqa.selenium.remote.ErrorHandler.createThrowable(ErrorHandler.java:206)
	at org.openqa.selenium.remote.ErrorHandler.throwIfResponseFailed(ErrorHandler.java:158)
	at org.openqa.selenium.remote.RemoteWebDriver.execute(RemoteWebDriver.java:678)
	at org.openqa.selenium.remote.RemoteWebElement.execute(RemoteWebElement.java:327)
	at org.openqa.selenium.remote.RemoteWebElement.click(RemoteWebElement.java:85)
	at abc.BaseTest.advanceClick(BaseTest.java:128)
	at abc.BaseTest.HeaderAPISearchNPlay(BaseTest.java:477)
	at abc.bengalivideos.BengaliAPISearch(bengalivideos.java:45)
... Removed 27 stack frames]]>
    </failure>
  </testcase> <!-- BengaliAPISearch -->
</testsuite> <!-- Test -->
